<?xml version="1.0" encoding="UTF-8"?>
<testsuite xmlns:xsi="http://www.w3.org/2001/XMLSchema-instance" xsi:noNamespaceSchemaLocation="https://maven.apache.org/surefire/maven-surefire-plugin/xsd/surefire-test-report-3.0.xsd" version="3.0" name="PersonTest" time="0.008" tests="9" errors="0" skipped="0" failures="0">
  <properties>
[...]
</properties>
  <testcase name="testParameterizedConstructor" classname="PersonTest" time="0"/>
  <testcase name="testToString" classname="PersonTest" time="0.002"/>
  <testcase name="testHasBirthday" classname="PersonTest" time="0"/>
  <testcase name="testCompareTo" classname="PersonTest" time="0.001"/>
  <testcase name="testGetName" classname="PersonTest" time="0"/>
  <testcase name="testGetAge" classname="PersonTest" time="0"/>
  <testcase name="testSetName" classname="PersonTest" time="0"/>
  <testcase name="testSetAge" classname="PersonTest" time="0"/>
  <testcase name="testDefaultConstructor" classname="PersonTest" time="0.001"/>
</testsuite>